#
# There is insufficient memory for the Java Runtime Environment to continue.
# Native memory allocation (malloc) failed to allocate 652496 bytes for Chunk::new
# Possible reasons:
#   The system is out of physical RAM or swap space
#   The process is running with CompressedOops enabled, and the Java Heap may be blocking the growth of the native heap
# Possible solutions:
#   Reduce memory load on the system
#   Increase physical memory or swap space
#   Check if swap backing store is full
#   Decrease Java heap size (-Xmx/-Xms)
#   Decrease number of Java threads
#   Decrease Java thread stack sizes (-Xss)
#   Set larger code cache with -XX:ReservedCodeCacheSize=
#   JVM is running with Unscaled Compressed Oops mode in which the Java heap is
#     placed in the first 4GB address space. The Java Heap base address is the
#     maximum limit for the native heap growth. Please use -XX:HeapBaseMinAddress
#     to set the Java Heap base and to place the Java Heap above 4GB virtual address.
# This output file may be truncated or incomplete.
#
#  Out of Memory Error (arena.cpp:189), pid=9092, tid=9804
#
# JRE version: OpenJDK Runtime Environment Corretto-17.0.6.10.1 (17.0.6+10) (build 17.0.6+10-LTS)
# Java VM: OpenJDK 64-Bit Server VM Corretto-17.0.6.10.1 (17.0.6+10-LTS, mixed mode, sharing, tiered, compressed oops, compressed class ptrs, g1 gc, windows-amd64)
# No core dump will be written. Minidumps are not enabled by default on client versions of Windows
#

---------------  S U M M A R Y ------------

Command Line: -javaagent:C:\Program Files\JetBrains\IntelliJ IDEA 2022.3.3\lib\idea_rt.jar=10877:C:\Program Files\JetBrains\IntelliJ IDEA 2022.3.3\bin -Dfile.encoding=UTF-8 com.example.VeterinriaXYZ.VeterinriaXyzApplication

Host: Intel(R) Core(TM) i7-7500U CPU @ 2.70GHz, 4 cores, 7G,  Windows 10 , 64 bit Build 19041 (10.0.19041.2546)
Time: Fri Apr 14 23:58:41 2023 Hora est. Pacífico, Sudamérica elapsed time: 350.582838 seconds (0d 0h 5m 50s)

---------------  T H R E A D  ---------------

Current thread (0x00000206febb95d0):  JavaThread "C2 CompilerThread0" daemon [_thread_in_native, id=9804, stack(0x00000015cda00000,0x00000015cdb00000)]


Current CompileTask:
C2: 350582 14001   !   4       org.apache.catalina.connector.Request::parseParameters (703 bytes)

Stack: [0x00000015cda00000,0x00000015cdb00000]
Native frames: (J=compiled Java code, j=interpreted, Vv=VM code, C=native code)
V  [jvm.dll+0x64b39a]
V  [jvm.dll+0x7ff044]
V  [jvm.dll+0x8007fe]
V  [jvm.dll+0x800e53]
V  [jvm.dll+0x235848]
V  [jvm.dll+0xbce6c]
V  [jvm.dll+0xbd44c]
V  [jvm.dll+0x34f252]
V  [jvm.dll+0x319ccf]
V  [jvm.dll+0x31910a]
V  [jvm.dll+0x209ca5]
V  [jvm.dll+0x209237]
V  [jvm.dll+0x19926d]
V  [jvm.dll+0x2185dd]
V  [jvm.dll+0x216824]
V  [jvm.dll+0x7b77bb]
V  [jvm.dll+0x7b1d6a]
V  [jvm.dll+0x64a265]
C  [ucrtbase.dll+0x21bb2]
C  [KERNEL32.DLL+0x17614]
C  [ntdll.dll+0x526a1]


---------------  P R O C E S S  ---------------

Threads class SMR info:
_java_thread_list=0x0000020686b9ec80, length=30, elements={
0x00000206feba3fa0, 0x00000206feba55b0, 0x00000206febb3b00, 0x00000206febb74e0,
0x00000206febb7e90, 0x00000206febb8840, 0x00000206febb95d0, 0x00000206fec23b60,
0x00000206ff810060, 0x00000206ff88a870, 0x00000206ffaf8d80, 0x00000206ffaf9250,
0x0000020685444040, 0x0000020686bd1af0, 0x0000020684f00a00, 0x00000206867fe000,
0x00000206ffa72710, 0x000002068a05fff0, 0x000002068a05ecb0, 0x000002068a05f180,
0x000002068a061330, 0x000002068a05de40, 0x000002068a0604c0, 0x000002068a060990,
0x000002068a060e60, 0x000002068a05fb20, 0x000002068a061800, 0x000002068a05e7e0,
0x000002068a05f650, 0x000002068d48b930
}

Java Threads: ( => current thread )
  0x00000206feba3fa0 JavaThread "Reference Handler" daemon [_thread_blocked, id=10120, stack(0x00000015cd400000,0x00000015cd500000)]
  0x00000206feba55b0 JavaThread "Finalizer" daemon [_thread_blocked, id=7756, stack(0x00000015cd500000,0x00000015cd600000)]
  0x00000206febb3b00 JavaThread "Signal Dispatcher" daemon [_thread_blocked, id=5060, stack(0x00000015cd600000,0x00000015cd700000)]
  0x00000206febb74e0 JavaThread "Attach Listener" daemon [_thread_blocked, id=2664, stack(0x00000015cd700000,0x00000015cd800000)]
  0x00000206febb7e90 JavaThread "Service Thread" daemon [_thread_blocked, id=4116, stack(0x00000015cd800000,0x00000015cd900000)]
  0x00000206febb8840 JavaThread "Monitor Deflation Thread" daemon [_thread_blocked, id=8256, stack(0x00000015cd900000,0x00000015cda00000)]
=>0x00000206febb95d0 JavaThread "C2 CompilerThread0" daemon [_thread_in_native, id=9804, stack(0x00000015cda00000,0x00000015cdb00000)]
  0x00000206fec23b60 JavaThread "C1 CompilerThread0" daemon [_thread_blocked, id=8752, stack(0x00000015cdb00000,0x00000015cdc00000)]
  0x00000206ff810060 JavaThread "Sweeper thread" daemon [_thread_blocked, id=8836, stack(0x00000015cdc00000,0x00000015cdd00000)]
  0x00000206ff88a870 JavaThread "Common-Cleaner" daemon [_thread_blocked, id=7016, stack(0x00000015cdd00000,0x00000015cde00000)]
  0x00000206ffaf8d80 JavaThread "Monitor Ctrl-Break" daemon [_thread_in_native, id=2652, stack(0x00000015cdf00000,0x00000015ce000000)]
  0x00000206ffaf9250 JavaThread "Notification Thread" daemon [_thread_blocked, id=9132, stack(0x00000015ce000000,0x00000015ce100000)]
  0x0000020685444040 JavaThread "mysql-cj-abandoned-connection-cleanup" daemon [_thread_blocked, id=9120, stack(0x00000015ce700000,0x00000015ce800000)]
  0x0000020686bd1af0 JavaThread "HikariPool-1 housekeeper" daemon [_thread_blocked, id=8296, stack(0x00000015ce900000,0x00000015cea00000)]
  0x0000020684f00a00 JavaThread "Catalina-utility-1" [_thread_blocked, id=232, stack(0x00000015ceb00000,0x00000015cec00000)]
  0x00000206867fe000 JavaThread "Catalina-utility-2" [_thread_blocked, id=8560, stack(0x00000015cec00000,0x00000015ced00000)]
  0x00000206ffa72710 JavaThread "container-0" [_thread_blocked, id=5084, stack(0x00000015ced00000,0x00000015cee00000)]
  0x000002068a05fff0 JavaThread "http-nio-8080-exec-1" daemon [_thread_blocked, id=1168, stack(0x00000015cea00000,0x00000015ceb00000)]
  0x000002068a05ecb0 JavaThread "http-nio-8080-exec-2" daemon [_thread_blocked, id=4208, stack(0x00000015cee00000,0x00000015cef00000)]
  0x000002068a05f180 JavaThread "http-nio-8080-exec-3" daemon [_thread_in_Java, id=5672, stack(0x00000015cef00000,0x00000015cf000000)]
  0x000002068a061330 JavaThread "http-nio-8080-exec-4" daemon [_thread_blocked, id=8124, stack(0x00000015cf000000,0x00000015cf100000)]
  0x000002068a05de40 JavaThread "http-nio-8080-exec-5" daemon [_thread_blocked, id=676, stack(0x00000015cf100000,0x00000015cf200000)]
  0x000002068a0604c0 JavaThread "http-nio-8080-exec-6" daemon [_thread_blocked, id=7680, stack(0x00000015cf200000,0x00000015cf300000)]
  0x000002068a060990 JavaThread "http-nio-8080-exec-7" daemon [_thread_blocked, id=5344, stack(0x00000015cf300000,0x00000015cf400000)]
  0x000002068a060e60 JavaThread "http-nio-8080-exec-8" daemon [_thread_blocked, id=7236, stack(0x00000015cf400000,0x00000015cf500000)]
  0x000002068a05fb20 JavaThread "http-nio-8080-exec-9" daemon [_thread_blocked, id=760, stack(0x00000015cf500000,0x00000015cf600000)]
  0x000002068a061800 JavaThread "http-nio-8080-exec-10" daemon [_thread_blocked, id=5776, stack(0x00000015cf600000,0x00000015cf700000)]
  0x000002068a05e7e0 JavaThread "http-nio-8080-Poller" daemon [_thread_in_native, id=5468, stack(0x00000015cf700000,0x00000015cf800000)]
  0x000002068a05f650 JavaThread "http-nio-8080-Acceptor" daemon [_thread_in_native, id=1192, stack(0x00000015cf800000,0x00000015cf900000)]
  0x000002068d48b930 JavaThread "DestroyJavaVM" [_thread_blocked, id=7728, stack(0x00000015ccd00000,0x00000015cce00000)]

Other Threads:
  0x00000206feb9e800 VMThread "VM Thread" [stack: 0x00000015cd300000,0x00000015cd400000] [id=6764]
  0x00000206e50dcb70 WatcherThread [stack: 0x00000015ce100000,0x00000015ce200000] [id=9844]
  0x00000206e50c0840 GCTaskThread "GC Thread#0" [stack: 0x00000015cce00000,0x00000015ccf00000] [id=7024]
  0x000002068434df40 GCTaskThread "GC Thread#1" [stack: 0x00000015ce200000,0x00000015ce300000] [id=2480]
  0x000002068453af80 GCTaskThread "GC Thread#2" [stack: 0x00000015ce300000,0x00000015ce400000] [id=2940]
  0x0000020684827370 GCTaskThread "GC Thread#3" [stack: 0x00000015ce400000,0x00000015ce500000] [id=3932]
  0x00000206e2f9dee0 ConcurrentGCThread "G1 Main Marker" [stack: 0x00000015ccf00000,0x00000015cd000000] [id=6552]
  0x00000206e2f9e8f0 ConcurrentGCThread "G1 Conc#0" [stack: 0x00000015cd000000,0x00000015cd100000] [id=9668]
  0x00000206e5122c90 ConcurrentGCThread "G1 Refine#0" [stack: 0x00000015cd100000,0x00000015cd200000] [id=3168]
  0x00000206866275b0 ConcurrentGCThread "G1 Refine#1" [stack: 0x00000015ce500000,0x00000015ce600000] [id=6372]
  0x0000020686627890 ConcurrentGCThread "G1 Refine#2" [stack: 0x00000015ce600000,0x00000015ce700000] [id=4360]
  0x00000206e51236b0 ConcurrentGCThread "G1 Service" [stack: 0x00000015cd200000,0x00000015cd300000] [id=10160]

Threads with active compile tasks:
C2 CompilerThread0   354027 14001   !   4       org.apache.catalina.connector.Request::parseParameters (703 bytes)

VM state: not at safepoint (normal execution)

VM Mutex/Monitor currently owned by a thread: None

Heap address: 0x0000000081400000, size: 2028 MB, Compressed Oops mode: 32-bit

CDS archive(s) mapped at: [0x0000000800000000-0x0000000800bc0000-0x0000000800bc0000), size 12320768, SharedBaseAddress: 0x0000000800000000, ArchiveRelocationMode: 0.
Compressed class space mapped at: 0x0000000800c00000-0x0000000840c00000, reserved size: 1073741824
Narrow klass base: 0x0000000800000000, Narrow klass shift: 0, Narrow klass range: 0x100000000

GC Precious Log:
 CPUs: 4 total, 4 available
 Memory: 8110M
 Large Page Support: Disabled
 NUMA Support: Disabled
 Compressed Oops: Enabled (32-bit)
 Heap Region Size: 1M
 Heap Min Capacity: 8M
 Heap Initial Capacity: 128M
 Heap Max Capacity: 2028M
 Pre-touch: Disabled
 Parallel Workers: 4
 Concurrent Workers: 1
 Concurrent Refinement Workers: 4
 Periodic GC: Disabled

Heap:
 garbage-first heap   total 102400K, used 50812K [0x0000000081400000, 0x0000000100000000)
  region size 1024K, 19 young (19456K), 1 survivors (1024K)
 Metaspace       used 72928K, committed 73600K, reserved 1114112K
  class space    used 9469K, committed 9792K, reserved 1048576K

Heap Regions: E=young(eden), S=young(survivor), O=old, HS=humongous(starts), HC=humongous(continues), CS=collection set, F=free, OA=open archive, CA=closed archive, TAMS=top-at-mark-start (previous, next)
|   0|0x0000000081400000, 0x0000000081500000, 0x0000000081500000|100%|HS|  |TAMS 0x0000000081500000, 0x0000000081400000| Complete 
|   1|0x0000000081500000, 0x0000000081600000, 0x0000000081600000|100%| O|  |TAMS 0x0000000081600000, 0x0000000081500000| Untracked 
|   2|0x0000000081600000, 0x0000000081700000, 0x0000000081700000|100%| O|  |TAMS 0x0000000081700000, 0x0000000081600000| Untracked 
|   3|0x0000000081700000, 0x0000000081800000, 0x0000000081800000|100%| O|  |TAMS 0x0000000081800000, 0x0000000081700000| Untracked 
|   4|0x0000000081800000, 0x0000000081900000, 0x0000000081900000|100%| O|  |TAMS 0x0000000081900000, 0x0000000081800000| Untracked 
|   5|0x0000000081900000, 0x0000000081a00000, 0x0000000081a00000|100%| O|  |TAMS 0x0000000081a00000, 0x0000000081900000| Untracked 
|   6|0x0000000081a00000, 0x0000000081b00000, 0x0000000081b00000|100%| O|  |TAMS 0x0000000081b00000, 0x0000000081a00000| Untracked 
|   7|0x0000000081b00000, 0x0000000081c00000, 0x0000000081c00000|100%| O|  |TAMS 0x0000000081c00000, 0x0000000081b00000| Untracked 
|   8|0x0000000081c00000, 0x0000000081d00000, 0x0000000081d00000|100%| O|  |TAMS 0x0000000081d00000, 0x0000000081c00000| Untracked 
|   9|0x0000000081d00000, 0x0000000081e00000, 0x0000000081e00000|100%| O|  |TAMS 0x0000000081e00000, 0x0000000081d00000| Untracked 
|  10|0x0000000081e00000, 0x0000000081f00000, 0x0000000081f00000|100%| O|  |TAMS 0x0000000081f00000, 0x0000000081e00000| Untracked 
|  11|0x0000000081f00000, 0x0000000082000000, 0x0000000082000000|100%| O|  |TAMS 0x0000000082000000, 0x0000000081f00000| Untracked 
|  12|0x0000000082000000, 0x0000000082100000, 0x0000000082100000|100%| O|  |TAMS 0x0000000082100000, 0x0000000082000000| Untracked 
|  13|0x0000000082100000, 0x0000000082200000, 0x0000000082200000|100%| O|  |TAMS 0x0000000082200000, 0x0000000082100000| Untracked 
|  14|0x0000000082200000, 0x0000000082300000, 0x0000000082300000|100%| O|  |TAMS 0x0000000082300000, 0x0000000082200000| Untracked 
|  15|0x0000000082300000, 0x0000000082400000, 0x0000000082400000|100%| O|  |TAMS 0x0000000082400000, 0x0000000082300000| Untracked 
|  16|0x0000000082400000, 0x0000000082500000, 0x0000000082500000|100%| O|  |TAMS 0x0000000082500000, 0x0000000082400000| Untracked 
|  17|0x0000000082500000, 0x0000000082600000, 0x0000000082600000|100%| O|  |TAMS 0x0000000082600000, 0x0000000082500000| Untracked 
|  18|0x0000000082600000, 0x0000000082700000, 0x0000000082700000|100%| O|  |TAMS 0x0000000082700000, 0x0000000082600000| Untracked 
|  19|0x0000000082700000, 0x0000000082800000, 0x0000000082800000|100%| O|  |TAMS 0x0000000082800000, 0x0000000082700000| Untracked 
|  20|0x0000000082800000, 0x0000000082900000, 0x0000000082900000|100%| O|  |TAMS 0x0000000082900000, 0x0000000082800000| Untracked 
|  21|0x0000000082900000, 0x0000000082993000, 0x0000000082a00000| 57%| O|  |TAMS 0x0000000082962000, 0x0000000082900000| Untracked 
|  22|0x0000000082a00000, 0x0000000082b00000, 0x0000000082b00000|100%| O|  |TAMS 0x0000000082b00000, 0x0000000082a00000| Untracked 
|  23|0x0000000082b00000, 0x0000000082c00000, 0x0000000082c00000|100%| O|  |TAMS 0x0000000082c00000, 0x0000000082b00000| Untracked 
|  24|0x0000000082c00000, 0x0000000082d00000, 0x0000000082d00000|100%| O|  |TAMS 0x0000000082d00000, 0x0000000082c00000| Untracked 
|  25|0x0000000082d00000, 0x0000000082e00000, 0x0000000082e00000|100%| O|  |TAMS 0x0000000082e00000, 0x0000000082d00000| Untracked 
|  26|0x0000000082e00000, 0x0000000082f00000, 0x0000000082f00000|100%| O|  |TAMS 0x0000000082f00000, 0x0000000082e00000| Untracked 
|  27|0x0000000082f00000, 0x0000000083000000, 0x0000000083000000|100%| O|  |TAMS 0x0000000083000000, 0x0000000082f00000| Untracked 
|  28|0x0000000083000000, 0x0000000083100000, 0x0000000083100000|100%| O|  |TAMS 0x0000000083100000, 0x0000000083000000| Untracked 
|  29|0x0000000083100000, 0x0000000083200000, 0x0000000083200000|100%| O|  |TAMS 0x0000000083200000, 0x0000000083100000| Untracked 
|  30|0x0000000083200000, 0x0000000083300000, 0x0000000083300000|100%| O|  |TAMS 0x0000000083300000, 0x0000000083200000| Untracked 
|  31|0x0000000083300000, 0x0000000083400000, 0x0000000083400000|100%| O|  |TAMS 0x0000000083400000, 0x0000000083300000| Untracked 
|  32|0x0000000083400000, 0x0000000083500000, 0x0000000083500000|100%| O|  |TAMS 0x0000000083500000, 0x0000000083400000| Untracked 
|  33|0x0000000083500000, 0x0000000083500000, 0x0000000083600000|  0%| F|  |TAMS 0x0000000083500000, 0x0000000083500000| Untracked 
|  34|0x0000000083600000, 0x0000000083600000, 0x0000000083700000|  0%| F|  |TAMS 0x0000000083600000, 0x0000000083600000| Untracked 
|  35|0x0000000083700000, 0x0000000083700000, 0x0000000083800000|  0%| F|  |TAMS 0x0000000083700000, 0x0000000083700000| Untracked 
|  36|0x0000000083800000, 0x0000000083800000, 0x0000000083900000|  0%| F|  |TAMS 0x0000000083800000, 0x0000000083800000| Untracked 
|  37|0x0000000083900000, 0x0000000083900000, 0x0000000083a00000|  0%| F|  |TAMS 0x0000000083900000, 0x0000000083900000| Untracked 
|  38|0x0000000083a00000, 0x0000000083a00000, 0x0000000083b00000|  0%| F|  |TAMS 0x0000000083a00000, 0x0000000083a00000| Untracked 
|  39|0x0000000083b00000, 0x0000000083b00000, 0x0000000083c00000|  0%| F|  |TAMS 0x0000000083b00000, 0x0000000083b00000| Untracked 
|  40|0x0000000083c00000, 0x0000000083c00000, 0x0000000083d00000|  0%| F|  |TAMS 0x0000000083c00000, 0x0000000083c00000| Untracked 
|  41|0x0000000083d00000, 0x0000000083d00000, 0x0000000083e00000|  0%| F|  |TAMS 0x0000000083d00000, 0x0000000083d00000| Untracked 
|  42|0x0000000083e00000, 0x0000000083e00000, 0x0000000083f00000|  0%| F|  |TAMS 0x0000000083e00000, 0x0000000083e00000| Untracked 
|  43|0x0000000083f00000, 0x0000000083f0c230, 0x0000000084000000|  4%| S|CS|TAMS 0x0000000083f00000, 0x0000000083f00000| Complete 
|  44|0x0000000084000000, 0x0000000084000000, 0x0000000084100000|  0%| F|  |TAMS 0x0000000084000000, 0x0000000084000000| Untracked 
|  45|0x0000000084100000, 0x0000000084100000, 0x0000000084200000|  0%| F|  |TAMS 0x0000000084100000, 0x0000000084100000| Untracked 
|  46|0x0000000084200000, 0x0000000084200000, 0x0000000084300000|  0%| F|  |TAMS 0x0000000084200000, 0x0000000084200000| Untracked 
|  47|0x0000000084300000, 0x0000000084300000, 0x0000000084400000|  0%| F|  |TAMS 0x0000000084300000, 0x0000000084300000| Untracked 
|  48|0x0000000084400000, 0x0000000084400000, 0x0000000084500000|  0%| F|  |TAMS 0x0000000084400000, 0x0000000084400000| Untracked 
|  49|0x0000000084500000, 0x0000000084500000, 0x0000000084600000|  0%| F|  |TAMS 0x0000000084500000, 0x0000000084500000| Untracked 
|  50|0x0000000084600000, 0x0000000084600000, 0x0000000084700000|  0%| F|  |TAMS 0x0000000084600000, 0x0000000084600000| Untracked 
|  51|0x0000000084700000, 0x0000000084700000, 0x0000000084800000|  0%| F|  |TAMS 0x0000000084700000, 0x0000000084700000| Untracked 
|  52|0x0000000084800000, 0x0000000084800000, 0x0000000084900000|  0%| F|  |TAMS 0x0000000084800000, 0x0000000084800000| Untracked 
|  53|0x0000000084900000, 0x0000000084900000, 0x0000000084a00000|  0%| F|  |TAMS 0x0000000084900000, 0x0000000084900000| Untracked 
|  54|0x0000000084a00000, 0x0000000084a00000, 0x0000000084b00000|  0%| F|  |TAMS 0x0000000084a00000, 0x0000000084a00000| Untracked 
|  55|0x0000000084b00000, 0x0000000084b00000, 0x0000000084c00000|  0%| F|  |TAMS 0x0000000084b00000, 0x0000000084b00000| Untracked 
|  56|0x0000000084c00000, 0x0000000084c00000, 0x0000000084d00000|  0%| F|  |TAMS 0x0000000084c00000, 0x0000000084c00000| Untracked 
|  57|0x0000000084d00000, 0x0000000084d00000, 0x0000000084e00000|  0%| F|  |TAMS 0x0000000084d00000, 0x0000000084d00000| Untracked 
|  58|0x0000000084e00000, 0x0000000084e00000, 0x0000000084f00000|  0%| F|  |TAMS 0x0000000084e00000, 0x0000000084e00000| Untracked 
|  59|0x0000000084f00000, 0x0000000084f00000, 0x0000000085000000|  0%| F|  |TAMS 0x0000000084f00000, 0x0000000084f00000| Untracked 
|  60|0x0000000085000000, 0x0000000085000000, 0x0000000085100000|  0%| F|  |TAMS 0x0000000085000000, 0x0000000085000000| Untracked 
|  61|0x0000000085100000, 0x0000000085100000, 0x0000000085200000|  0%| F|  |TAMS 0x0000000085100000, 0x0000000085100000| Untracked 
|  62|0x0000000085200000, 0x0000000085200000, 0x0000000085300000|  0%| F|  |TAMS 0x0000000085200000, 0x0000000085200000| Untracked 
|  63|0x0000000085300000, 0x0000000085300000, 0x0000000085400000|  0%| F|  |TAMS 0x0000000085300000, 0x0000000085300000| Untracked 
|  64|0x0000000085400000, 0x0000000085400000, 0x0000000085500000|  0%| F|  |TAMS 0x0000000085400000, 0x0000000085400000| Untracked 
|  65|0x0000000085500000, 0x0000000085500000, 0x0000000085600000|  0%| F|  |TAMS 0x0000000085500000, 0x0000000085500000| Untracked 
|  66|0x0000000085600000, 0x0000000085600000, 0x0000000085700000|  0%| F|  |TAMS 0x0000000085600000, 0x0000000085600000| Untracked 
|  67|0x0000000085700000, 0x0000000085700000, 0x0000000085800000|  0%| F|  |TAMS 0x0000000085700000, 0x0000000085700000| Untracked 
|  68|0x0000000085800000, 0x0000000085800000, 0x0000000085900000|  0%| F|  |TAMS 0x0000000085800000, 0x0000000085800000| Untracked 
|  69|0x0000000085900000, 0x0000000085900000, 0x0000000085a00000|  0%| F|  |TAMS 0x0000000085900000, 0x0000000085900000| Untracked 
|  70|0x0000000085a00000, 0x0000000085a00000, 0x0000000085b00000|  0%| F|  |TAMS 0x0000000085a00000, 0x0000000085a00000| Untracked 
|  71|0x0000000085b00000, 0x0000000085b00000, 0x0000000085c00000|  0%| F|  |TAMS 0x0000000085b00000, 0x0000000085b00000| Untracked 
|  72|0x0000000085c00000, 0x0000000085c00000, 0x0000000085d00000|  0%| F|  |TAMS 0x0000000085c00000, 0x0000000085c00000| Untracked 
|  73|0x0000000085d00000, 0x0000000085d00000, 0x0000000085e00000|  0%| F|  |TAMS 0x0000000085d00000, 0x0000000085d00000| Untracked 
|  74|0x0000000085e00000, 0x0000000085e00000, 0x0000000085f00000|  0%| F|  |TAMS 0x0000000085e00000, 0x0000000085e00000| Untracked 
|  75|0x0000000085f00000, 0x0000000085f00000, 0x0000000086000000|  0%| F|  |TAMS 0x0000000085f00000, 0x0000000085f00000| Untracked 
|  76|0x0000000086000000, 0x0000000086000000, 0x0000000086100000|  0%| F|  |TAMS 0x0000000086000000, 0x0000000086000000| Untracked 
|  77|0x0000000086100000, 0x0000000086100000, 0x0000000086200000|  0%| F|  |TAMS 0x0000000086100000, 0x0000000086100000| Untracked 
|  78|0x0000000086200000, 0x0000000086200000, 0x0000000086300000|  0%| F|  |TAMS 0x0000000086200000, 0x0000000086200000| Untracked 
|  79|0x0000000086300000, 0x0000000086300000, 0x0000000086400000|  0%| F|  |TAMS 0x0000000086300000, 0x0000000086300000| Untracked 
|  80|0x0000000086400000, 0x0000000086400000, 0x0000000086500000|  0%| F|  |TAMS 0x0000000086400000, 0x0000000086400000| Untracked 
|  81|0x0000000086500000, 0x0000000086500000, 0x0000000086600000|  0%| F|  |TAMS 0x0000000086500000, 0x0000000086500000| Untracked 
|  82|0x0000000086600000, 0x00000000866ffae0, 0x0000000086700000| 99%| E|  |TAMS 0x0000000086600000, 0x0000000086600000| Complete 
|  83|0x0000000086700000, 0x0000000086800000, 0x0000000086800000|100%| E|CS|TAMS 0x0000000086700000, 0x0000000086700000| Complete 
|  84|0x0000000086800000, 0x0000000086900000, 0x0000000086900000|100%| E|CS|TAMS 0x0000000086800000, 0x0000000086800000| Complete 
|  85|0x0000000086900000, 0x0000000086a00000, 0x0000000086a00000|100%| E|CS|TAMS 0x0000000086900000, 0x0000000086900000| Complete 
|  86|0x0000000086a00000, 0x0000000086b00000, 0x0000000086b00000|100%| E|CS|TAMS 0x0000000086a00000, 0x0000000086a00000| Complete 
|  87|0x0000000086b00000, 0x0000000086c00000, 0x0000000086c00000|100%| E|CS|TAMS 0x0000000086b00000, 0x0000000086b00000| Complete 
|  88|0x0000000086c00000, 0x0000000086d00000, 0x0000000086d00000|100%| E|CS|TAMS 0x0000000086c00000, 0x0000000086c00000| Complete 
|  89|0x0000000086d00000, 0x0000000086e00000, 0x0000000086e00000|100%| E|CS|TAMS 0x0000000086d00000, 0x0000000086d00000| Complete 
|  90|0x0000000086e00000, 0x0000000086f00000, 0x0000000086f00000|100%| E|CS|TAMS 0x0000000086e00000, 0x0000000086e00000| Complete 
|  91|0x0000000086f00000, 0x0000000087000000, 0x0000000087000000|100%| E|CS|TAMS 0x0000000086f00000, 0x0000000086f00000| Complete 
|  92|0x0000000087000000, 0x0000000087100000, 0x0000000087100000|100%| E|CS|TAMS 0x0000000087000000, 0x0000000087000000| Complete 
|  93|0x0000000087100000, 0x0000000087200000, 0x0000000087200000|100%| E|CS|TAMS 0x0000000087100000, 0x0000000087100000| Complete 
|  94|0x0000000087200000, 0x0000000087300000, 0x0000000087300000|100%| E|CS|TAMS 0x0000000087200000, 0x0000000087200000| Complete 
|  95|0x0000000087300000, 0x0000000087400000, 0x0000000087400000|100%| E|CS|TAMS 0x0000000087300000, 0x0000000087300000| Complete 
|  96|0x0000000087400000, 0x0000000087500000, 0x0000000087500000|100%| E|CS|TAMS 0x0000000087400000, 0x0000000087400000| Complete 
|  97|0x0000000087500000, 0x0000000087600000, 0x0000000087600000|100%| E|CS|TAMS 0x0000000087500000, 0x0000000087500000| Complete 
|  98|0x0000000087600000, 0x0000000087700000, 0x0000000087700000|100%| E|CS|TAMS 0x0000000087600000, 0x0000000087600000| Complete 
| 127|0x0000000089300000, 0x0000000089400000, 0x0000000089400000|100%| E|CS|TAMS 0x0000000089300000, 0x0000000089300000| Complete 

Card table byte_map: [0x00000206fbf60000,0x00000206fc360000] _byte_map_base: 0x00000206fbb56000

Marking Bits (Prev, Next): (CMBitMap*) 0x00000206e50c0e50, (CMBitMap*) 0x00000206e50c0e90
 Prev Bits: [0x00000206fc760000, 0x00000206fe710000)
 Next Bits: [0x0000020680000000, 0x0000020681fb0000)

Polling page: 0x00000206e4830000

Metaspace:

Usage:
  Non-class:     61.97 MB used.
      Class:      9.25 MB used.
       Both:     71.22 MB used.

Virtual space:
  Non-class space:       64.00 MB reserved,      62.31 MB ( 97%) committed,  8 nodes.
      Class space:        1.00 GB reserved,       9.56 MB ( <1%) committed,  1 nodes.
             Both:        1.06 GB reserved,      71.88 MB (  7%) committed. 

Chunk freelists:
   Non-Class:  775.00 KB
       Class:  2.29 MB
        Both:  3.04 MB

MaxMetaspaceSize: unlimited
CompressedClassSpaceSize: 1.00 GB
Initial GC threshold: 21.00 MB
Current GC threshold: 119.81 MB
CDS: on
MetaspaceReclaimPolicy: balanced
 - commit_granule_bytes: 65536.
 - commit_granule_words: 8192.
 - virtual_space_node_default_size: 1048576.
 - enlarge_chunks_in_place: 1.
 - new_chunks_are_fully_committed: 0.
 - uncommit_free_chunks: 1.
 - use_allocation_guard: 0.
 - handle_deallocations: 1.


Internal statistics:

num_allocs_failed_limit: 9.
num_arena_births: 1092.
num_arena_deaths: 26.
num_vsnodes_births: 9.
num_vsnodes_deaths: 0.
num_space_committed: 1150.
num_space_uncommitted: 0.
num_chunks_returned_to_freelist: 44.
num_chunks_taken_from_freelist: 3869.
num_chunk_merges: 12.
num_chunk_splits: 2767.
num_chunks_enlarged: 2110.
num_purges: 2.
num_inconsistent_stats: 0.

CodeHeap 'non-profiled nmethods': size=120000Kb used=13794Kb max_used=13794Kb free=106206Kb
 bounds [0x00000206f4630000, 0x00000206f53b0000, 0x00000206fbb60000]
CodeHeap 'profiled nmethods': size=120000Kb used=19196Kb max_used=24161Kb free=100803Kb
 bounds [0x00000206ecb60000, 0x00000206ee300000, 0x00000206f4090000]
CodeHeap 'non-nmethods': size=5760Kb used=1352Kb max_used=1442Kb free=4407Kb
 bounds [0x00000206f4090000, 0x00000206f4300000, 0x00000206f4630000]
 total_blobs=11755 nmethods=11065 adapters=601
 compilation: enabled
              stopped_count=0, restarted_count=0
 full_count=0

Compilation events (20 events):
Event: 346.497 Thread 0x00000206febb95d0 nmethod 13984 0x00000206f539e310 code [0x00000206f539e4c0, 0x00000206f539e768]
Event: 346.497 Thread 0x00000206febb95d0 13985       4       org.hibernate.query.sqm.sql.internal.EntityValuedPathInterpretation::from (286 bytes)
Event: 346.538 Thread 0x00000206febb95d0 nmethod 13985 0x00000206f539ea90 code [0x00000206f539ecc0, 0x00000206f53a0168]
Event: 346.658 Thread 0x00000206febb95d0 13993       4       org.springframework.util.ObjectUtils::nullSafeToString (190 bytes)
Event: 346.660 Thread 0x00000206febb95d0 nmethod 13993 0x00000206f53a1310 code [0x00000206f53a14c0, 0x00000206f53a16b8]
Event: 347.651 Thread 0x00000206febb95d0 13994       4       sun.nio.ch.IOStatus::okayToRetry (22 bytes)
Event: 347.651 Thread 0x00000206febb95d0 nmethod 13994 0x00000206f53a1910 code [0x00000206f53a1a80, 0x00000206f53a1b18]
Event: 348.072 Thread 0x00000206febb95d0 13995       4       java.util.concurrent.locks.AbstractQueuedSynchronizer::acquireShared (20 bytes)
Event: 348.079 Thread 0x00000206febb95d0 nmethod 13995 0x00000206f53a1c10 code [0x00000206f53a1de0, 0x00000206f53a22f0]
Event: 348.079 Thread 0x00000206febb95d0 13996       4       java.util.concurrent.locks.ReentrantReadWriteLock$Sync::tryReleaseShared (146 bytes)
Event: 348.083 Thread 0x00000206febb95d0 nmethod 13996 0x00000206f53a2690 code [0x00000206f53a2840, 0x00000206f53a2b30]
Event: 348.810 Thread 0x00000206febb95d0 13997   !   4       org.springframework.aop.support.AopUtils::invokeJoinpointUsingReflection (50 bytes)
Event: 348.828 Thread 0x00000206febb95d0 nmethod 13997 0x00000206f53a2d90 code [0x00000206f53a2f80, 0x00000206f53a3a30]
Event: 348.980 Thread 0x00000206febb95d0 13998       4       com.fasterxml.jackson.datatype.jdk8.Jdk8TypeModifier::modifyType (108 bytes)
Event: 348.982 Thread 0x00000206febb95d0 nmethod 13998 0x00000206f53a4090 code [0x00000206f53a4220, 0x00000206f53a4358]
Event: 349.367 Thread 0x00000206febb95d0 13999   !   4       org.springframework.beans.TypeConverterSupport::convertIfNecessary (58 bytes)
Event: 349.370 Thread 0x00000206febb95d0 nmethod 13999 0x00000206f53a4510 code [0x00000206f53a46a0, 0x00000206f53a47e8]
Event: 349.552 Thread 0x00000206febb95d0 14000   !   4       org.apache.tomcat.util.net.AbstractEndpoint::processSocket (147 bytes)
Event: 349.633 Thread 0x00000206febb95d0 nmethod 14000 0x00000206f53a4910 code [0x00000206f53a4c00, 0x00000206f53a71a8]
Event: 350.022 Thread 0x00000206febb95d0 14001   !   4       org.apache.catalina.connector.Request::parseParameters (703 bytes)

GC Heap History (20 events):
Event: 342.583 GC heap before
{Heap before GC invocations=165 (full 0):
 garbage-first heap   total 102400K, used 88691K [0x0000000081400000, 0x0000000100000000)
  region size 1024K, 56 young (57344K), 1 survivors (1024K)
 Metaspace       used 72928K, committed 73600K, reserved 1114112K
  class space    used 9469K, committed 9792K, reserved 1048576K
}
Event: 342.584 GC heap after
{Heap after GC invocations=166 (full 0):
 garbage-first heap   total 102400K, used 33397K [0x0000000081400000, 0x0000000100000000)
  region size 1024K, 1 young (1024K), 1 survivors (1024K)
 Metaspace       used 72928K, committed 73600K, reserved 1114112K
  class space    used 9469K, committed 9792K, reserved 1048576K
}
Event: 343.760 GC heap before
{Heap before GC invocations=166 (full 0):
 garbage-first heap   total 102400K, used 88693K [0x0000000081400000, 0x0000000100000000)
  region size 1024K, 56 young (57344K), 1 survivors (1024K)
 Metaspace       used 72928K, committed 73600K, reserved 1114112K
  class space    used 9469K, committed 9792K, reserved 1048576K
}
Event: 343.761 GC heap after
{Heap after GC invocations=167 (full 0):
 garbage-first heap   total 102400K, used 33381K [0x0000000081400000, 0x0000000100000000)
  region size 1024K, 1 young (1024K), 1 survivors (1024K)
 Metaspace       used 72928K, committed 73600K, reserved 1114112K
  class space    used 9469K, committed 9792K, reserved 1048576K
}
Event: 344.607 GC heap before
{Heap before GC invocations=167 (full 0):
 garbage-first heap   total 102400K, used 88677K [0x0000000081400000, 0x0000000100000000)
  region size 1024K, 56 young (57344K), 1 survivors (1024K)
 Metaspace       used 72928K, committed 73600K, reserved 1114112K
  class space    used 9469K, committed 9792K, reserved 1048576K
}
Event: 344.609 GC heap after
{Heap after GC invocations=168 (full 0):
 garbage-first heap   total 102400K, used 33396K [0x0000000081400000, 0x0000000100000000)
  region size 1024K, 1 young (1024K), 1 survivors (1024K)
 Metaspace       used 72928K, committed 73600K, reserved 1114112K
  class space    used 9469K, committed 9792K, reserved 1048576K
}
Event: 345.371 GC heap before
{Heap before GC invocations=168 (full 0):
 garbage-first heap   total 102400K, used 88692K [0x0000000081400000, 0x0000000100000000)
  region size 1024K, 56 young (57344K), 1 survivors (1024K)
 Metaspace       used 72928K, committed 73600K, reserved 1114112K
  class space    used 9469K, committed 9792K, reserved 1048576K
}
Event: 345.372 GC heap after
{Heap after GC invocations=169 (full 0):
 garbage-first heap   total 102400K, used 33395K [0x0000000081400000, 0x0000000100000000)
  region size 1024K, 1 young (1024K), 1 survivors (1024K)
 Metaspace       used 72928K, committed 73600K, reserved 1114112K
  class space    used 9469K, committed 9792K, reserved 1048576K
}
Event: 346.138 GC heap before
{Heap before GC invocations=169 (full 0):
 garbage-first heap   total 102400K, used 88691K [0x0000000081400000, 0x0000000100000000)
  region size 1024K, 56 young (57344K), 1 survivors (1024K)
 Metaspace       used 72928K, committed 73600K, reserved 1114112K
  class space    used 9469K, committed 9792K, reserved 1048576K
}
Event: 346.140 GC heap after
{Heap after GC invocations=170 (full 0):
 garbage-first heap   total 102400K, used 33376K [0x0000000081400000, 0x0000000100000000)
  region size 1024K, 1 young (1024K), 1 survivors (1024K)
 Metaspace       used 72928K, committed 73600K, reserved 1114112K
  class space    used 9469K, committed 9792K, reserved 1048576K
}
Event: 346.907 GC heap before
{Heap before GC invocations=170 (full 0):
 garbage-first heap   total 102400K, used 88672K [0x0000000081400000, 0x0000000100000000)
  region size 1024K, 56 young (57344K), 1 survivors (1024K)
 Metaspace       used 72928K, committed 73600K, reserved 1114112K
  class space    used 9469K, committed 9792K, reserved 1048576K
}
Event: 346.908 GC heap after
{Heap after GC invocations=171 (full 0):
 garbage-first heap   total 102400K, used 33392K [0x0000000081400000, 0x0000000100000000)
  region size 1024K, 1 young (1024K), 1 survivors (1024K)
 Metaspace       used 72928K, committed 73600K, reserved 1114112K
  class space    used 9469K, committed 9792K, reserved 1048576K
}
Event: 347.687 GC heap before
{Heap before GC invocations=171 (full 0):
 garbage-first heap   total 102400K, used 88688K [0x0000000081400000, 0x0000000100000000)
  region size 1024K, 56 young (57344K), 1 survivors (1024K)
 Metaspace       used 72928K, committed 73600K, reserved 1114112K
  class space    used 9469K, committed 9792K, reserved 1048576K
}
Event: 347.688 GC heap after
{Heap after GC invocations=172 (full 0):
 garbage-first heap   total 102400K, used 33388K [0x0000000081400000, 0x0000000100000000)
  region size 1024K, 1 young (1024K), 1 survivors (1024K)
 Metaspace       used 72928K, committed 73600K, reserved 1114112K
  class space    used 9469K, committed 9792K, reserved 1048576K
}
Event: 348.412 GC heap before
{Heap before GC invocations=172 (full 0):
 garbage-first heap   total 102400K, used 88684K [0x0000000081400000, 0x0000000100000000)
  region size 1024K, 56 young (57344K), 1 survivors (1024K)
 Metaspace       used 72928K, committed 73600K, reserved 1114112K
  class space    used 9469K, committed 9792K, reserved 1048576K
}
Event: 348.413 GC heap after
{Heap after GC invocations=173 (full 0):
 garbage-first heap   total 102400K, used 33390K [0x0000000081400000, 0x0000000100000000)
  region size 1024K, 1 young (1024K), 1 survivors (1024K)
 Metaspace       used 72928K, committed 73600K, reserved 1114112K
  class space    used 9469K, committed 9792K, reserved 1048576K
}
Event: 349.223 GC heap before
{Heap before GC invocations=173 (full 0):
 garbage-first heap   total 102400K, used 89710K [0x0000000081400000, 0x0000000100000000)
  region size 1024K, 56 young (57344K), 1 survivors (1024K)
 Metaspace       used 72928K, committed 73600K, reserved 1114112K
  class space    used 9469K, committed 9792K, reserved 1048576K
}
Event: 349.225 GC heap after
{Heap after GC invocations=174 (full 0):
 garbage-first heap   total 102400K, used 33382K [0x0000000081400000, 0x0000000100000000)
  region size 1024K, 1 young (1024K), 1 survivors (1024K)
 Metaspace       used 72928K, committed 73600K, reserved 1114112K
  class space    used 9469K, committed 9792K, reserved 1048576K
}
Event: 350.132 GC heap before
{Heap before GC invocations=174 (full 0):
 garbage-first heap   total 102400K, used 88678K [0x0000000081400000, 0x0000000100000000)
  region size 1024K, 56 young (57344K), 1 survivors (1024K)
 Metaspace       used 72928K, committed 73600K, reserved 1114112K
  class space    used 9469K, committed 9792K, reserved 1048576K
}
Event: 350.133 GC heap after
{Heap after GC invocations=175 (full 0):
 garbage-first heap   total 102400K, used 33380K [0x0000000081400000, 0x0000000100000000)
  region size 1024K, 1 young (1024K), 1 survivors (1024K)
 Metaspace       used 72928K, committed 73600K, reserved 1114112K
  class space    used 9469K, committed 9792K, reserved 1048576K
}

Dll operation events (13 events):
Event: 0.011 Loaded shared library C:\Users\Dilan\.jdks\corretto-17.0.6\bin\java.dll
Event: 0.033 Loaded shared library C:\Users\Dilan\.jdks\corretto-17.0.6\bin\jsvml.dll
Event: 0.161 Loaded shared library C:\Users\Dilan\.jdks\corretto-17.0.6\bin\zip.dll
Event: 0.163 Loaded shared library C:\Users\Dilan\.jdks\corretto-17.0.6\bin\instrument.dll
Event: 0.170 Loaded shared library C:\Users\Dilan\.jdks\corretto-17.0.6\bin\net.dll
Event: 0.171 Loaded shared library C:\Users\Dilan\.jdks\corretto-17.0.6\bin\nio.dll
Event: 0.173 Loaded shared library C:\Users\Dilan\.jdks\corretto-17.0.6\bin\zip.dll
Event: 0.268 Loaded shared library C:\Program Files\JetBrains\IntelliJ IDEA 2022.3.3\bin\breakgen64.dll
Event: 0.317 Loaded shared library C:\Users\Dilan\.jdks\corretto-17.0.6\bin\jimage.dll
Event: 1.286 Loaded shared library C:\Users\Dilan\.jdks\corretto-17.0.6\bin\verify.dll
Event: 5.974 Loaded shared library C:\Users\Dilan\.jdks\corretto-17.0.6\bin\sunmscapi.dll
Event: 6.090 Loaded shared library C:\Users\Dilan\.jdks\corretto-17.0.6\bin\management.dll
Event: 6.097 Loaded shared library C:\Users\Dilan\.jdks\corretto-17.0.6\bin\management_ext.dll

Deoptimization events (20 events):
Event: 305.726 Thread 0x000002068a05de40 Uncommon trap: trap_request=0xffffffbe fr.pc=0x00000206f52478a4 relative=0x0000000000009704
Event: 305.726 Thread 0x000002068a05de40 Uncommon trap: reason=profile_predicate action=maybe_recompile pc=0x00000206f52478a4 method=org.springframework.web.servlet.mvc.method.annotation.AbstractMessageConverterMethodProcessor.getProducibleMediaTypes(Ljakarta/servlet/http/HttpServletRequest;Ljav
Event: 305.726 Thread 0x000002068a05de40 DEOPT PACKING pc=0x00000206f52478a4 sp=0x00000015cf1fae80
Event: 305.726 Thread 0x000002068a05de40 DEOPT UNPACKING pc=0x00000206f40e69a3 sp=0x00000015cf1fae38 mode 2
Event: 308.197 Thread 0x000002068a0604c0 DEOPT PACKING pc=0x00000206ed062598 sp=0x00000015cf2fe740
Event: 308.197 Thread 0x000002068a0604c0 DEOPT UNPACKING pc=0x00000206f40e7143 sp=0x00000015cf2fdb60 mode 0
Event: 308.354 Thread 0x000002068a05fff0 Uncommon trap: trap_request=0xffffffc6 fr.pc=0x00000206f4de0df4 relative=0x0000000000000394
Event: 308.354 Thread 0x000002068a05fff0 Uncommon trap: reason=bimorphic_or_optimized_type_check action=maybe_recompile pc=0x00000206f4de0df4 method=org.springframework.core.convert.support.ConversionUtils.invokeConverter(Lorg/springframework/core/convert/converter/GenericConverter;Ljava/lang/Ob
Event: 308.354 Thread 0x000002068a05fff0 DEOPT PACKING pc=0x00000206f4de0df4 sp=0x00000015ceafb1b0
Event: 308.354 Thread 0x000002068a05fff0 DEOPT UNPACKING pc=0x00000206f40e69a3 sp=0x00000015ceafb0c8 mode 2
Event: 313.234 Thread 0x000002068a05e7e0 Uncommon trap: trap_request=0xffffffc6 fr.pc=0x00000206f4c3b514 relative=0x0000000000000754
Event: 313.234 Thread 0x000002068a05e7e0 Uncommon trap: reason=bimorphic_or_optimized_type_check action=maybe_recompile pc=0x00000206f4c3b514 method=java.lang.Throwable.<init>()V @ 24 c2
Event: 313.234 Thread 0x000002068a05e7e0 DEOPT PACKING pc=0x00000206f4c3b514 sp=0x00000015cf7fede0
Event: 313.234 Thread 0x000002068a05e7e0 DEOPT UNPACKING pc=0x00000206f40e69a3 sp=0x00000015cf7feda0 mode 2
Event: 315.851 Thread 0x000002068a05de40 DEOPT PACKING pc=0x00000206edd5c2d0 sp=0x00000015cf1fe290
Event: 315.851 Thread 0x000002068a05de40 DEOPT UNPACKING pc=0x00000206f40e7143 sp=0x00000015cf1fd710 mode 0
Event: 327.418 Thread 0x000002068a061330 Uncommon trap: trap_request=0xffffff6e fr.pc=0x00000206f5346240 relative=0x0000000000000500
Event: 327.418 Thread 0x000002068a061330 Uncommon trap: reason=loop_limit_check action=maybe_recompile pc=0x00000206f5346240 method=org.hibernate.query.sqm.tree.select.SqmQuerySpec.producesUniqueResults()Z @ 112 c2
Event: 327.418 Thread 0x000002068a061330 DEOPT PACKING pc=0x00000206f5346240 sp=0x00000015cf0fc220
Event: 327.418 Thread 0x000002068a061330 DEOPT UNPACKING pc=0x00000206f40e69a3 sp=0x00000015cf0fc1b8 mode 2

Classes unloaded (13 events):
Event: 95.557 Thread 0x00000206feb9e800 Unloading class 0x00000008014b7400 'java/lang/invoke/LambdaForm$MH+0x00000008014b7400'
Event: 95.557 Thread 0x00000206feb9e800 Unloading class 0x00000008014b6c00 'java/lang/invoke/LambdaForm$DMH+0x00000008014b6c00'
Event: 95.557 Thread 0x00000206feb9e800 Unloading class 0x00000008014b5c00 'java/lang/invoke/LambdaForm$MH+0x00000008014b5c00'
Event: 95.558 Thread 0x00000206feb9e800 Unloading class 0x00000008014b5800 'java/lang/invoke/LambdaForm$MH+0x00000008014b5800'
Event: 95.558 Thread 0x00000206feb9e800 Unloading class 0x00000008014b4c00 'java/lang/invoke/LambdaForm$BMH+0x00000008014b4c00'
Event: 95.558 Thread 0x00000206feb9e800 Unloading class 0x00000008014b4800 'java/lang/invoke/LambdaForm$DMH+0x00000008014b4800'
Event: 95.558 Thread 0x00000206feb9e800 Unloading class 0x00000008014b3c00 'java/lang/invoke/LambdaForm$MH+0x00000008014b3c00'
Event: 95.558 Thread 0x00000206feb9e800 Unloading class 0x00000008014b3400 'java/lang/invoke/LambdaForm$MH+0x00000008014b3400'
Event: 95.558 Thread 0x00000206feb9e800 Unloading class 0x00000008014b2800 'java/lang/invoke/LambdaForm$MH+0x00000008014b2800'
Event: 95.558 Thread 0x00000206feb9e800 Unloading class 0x00000008014b1000 'java/lang/invoke/LambdaForm$MH+0x00000008014b1000'
Event: 95.558 Thread 0x00000206feb9e800 Unloading class 0x00000008014b0800 'java/lang/invoke/LambdaForm$MH+0x00000008014b0800'
Event: 95.558 Thread 0x00000206feb9e800 Unloading class 0x00000008014b0000 'java/lang/invoke/LambdaForm$MH+0x00000008014b0000'
Event: 95.558 Thread 0x00000206feb9e800 Unloading class 0x00000008014af800 'java/lang/invoke/LambdaForm$MH+0x00000008014af800'

Classes redefined (0 events):
No events

Internal exceptions (20 events):
Event: 21.127 Thread 0x000002068a05ecb0 Exception <a 'java/lang/NoSuchMethodError'{0x0000000084588c78}: 'java.lang.Object java.lang.invoke.DirectMethodHandle$Holder.invokeSpecial(java.lang.Object, java.lang.Object, long, java.lang.Object, java.lang.Object, java.lang.Object, java.lang.Object, java.lang.Object, java.lang.Object, java.lang.Object)'> (0x0000000084588c78) 
thrown [s\src\hotspot\share\interpreter\linkResolver.cpp, line 759]
Event: 21.127 Thread 0x000002068a05ecb0 Exception <a 'java/lang/NoSuchMethodError'{0x000000008458df80}: 'java.lang.Object java.lang.invoke.DelegatingMethodHandle$Holder.reinvoke_L(java.lang.Object, long, java.lang.Object, java.lang.Object, java.lang.Object, java.lang.Object, java.lang.Object, java.lang.Object, java.lang.Object)'> (0x000000008458df80) 
thrown [s\src\hotspot\share\interpreter\linkResolver.cpp, line 759]
Event: 21.129 Thread 0x000002068a05ecb0 Exception <a 'java/lang/NoSuchMethodError'{0x00000000845a5f60}: 'java.lang.Object java.lang.invoke.Invokers$Holder.linkToTargetMethod(java.lang.Object, java.lang.Object, java.lang.Object, java.lang.Object, java.lang.Object, java.lang.Object, java.lang.Object, java.lang.Object)'> (0x00000000845a5f60) 
thrown [s\src\hotspot\share\interpreter\linkResolver.cpp, line 759]
Event: 21.191 Thread 0x000002068a05ecb0 Exception <a 'java/lang/NoSuchMethodError'{0x000000008449d4b0}: 'java.lang.Object java.lang.invoke.DirectMethodHandle$Holder.invokeSpecial(java.lang.Object, java.lang.Object, long, java.lang.Object, java.lang.Object, java.lang.Object, int, int, java.lang.Object)'> (0x000000008449d4b0) 
thrown [s\src\hotspot\share\interpreter\linkResolver.cpp, line 759]
Event: 21.191 Thread 0x000002068a05ecb0 Exception <a 'java/lang/NoSuchMethodError'{0x00000000844a1a58}: 'java.lang.Object java.lang.invoke.DelegatingMethodHandle$Holder.reinvoke_L(java.lang.Object, long, java.lang.Object, java.lang.Object, java.lang.Object, int, int, java.lang.Object)'> (0x00000000844a1a58) 
thrown [s\src\hotspot\share\interpreter\linkResolver.cpp, line 759]
Event: 21.508 Thread 0x000002068a05ecb0 Exception <a 'java/lang/NoSuchMethodError'{0x00000000840dce38}: 'java.lang.Object java.lang.invoke.DirectMethodHandle$Holder.invokeSpecial(java.lang.Object, java.lang.Object, long, int, java.lang.Object, java.lang.Object, java.lang.Object, java.lang.Object, int, java.lang.Object)'> (0x00000000840dce38) 
thrown [s\src\hotspot\share\interpreter\linkResolver.cpp, line 759]
Event: 21.509 Thread 0x000002068a05ecb0 Exception <a 'java/lang/NoSuchMethodError'{0x00000000840e1e90}: 'java.lang.Object java.lang.invoke.DelegatingMethodHandle$Holder.reinvoke_L(java.lang.Object, long, int, java.lang.Object, java.lang.Object, java.lang.Object, java.lang.Object, int, java.lang.Object)'> (0x00000000840e1e90) 
thrown [s\src\hotspot\share\interpreter\linkResolver.cpp, line 759]
Event: 70.961 Thread 0x0000020684f00a00 Exception <a 'java/lang/NoSuchMethodError'{0x000000008572dda8}: 'java.lang.Object java.lang.invoke.DirectMethodHandle$Holder.invokeSpecial(java.lang.Object, java.lang.Object, java.lang.Object, long, int)'> (0x000000008572dda8) 
thrown [s\src\hotspot\share\interpreter\linkResolver.cpp, line 759]
Event: 70.962 Thread 0x0000020684f00a00 Exception <a 'java/lang/NoSuchMethodError'{0x0000000085731870}: 'java.lang.Object java.lang.invoke.Invokers$Holder.linkToTargetMethod(java.lang.Object, long, int, java.lang.Object)'> (0x0000000085731870) 
thrown [s\src\hotspot\share\interpreter\linkResolver.cpp, line 759]
Event: 213.647 Thread 0x000002068a05fff0 Implicit null exception at 0x00000206f50a822e to 0x00000206f50a8754
Event: 213.647 Thread 0x000002068a05fff0 Implicit null exception at 0x00000206f50a822e to 0x00000206f50a8754
Event: 213.690 Thread 0x000002068a060e60 Implicit null exception at 0x00000206f50a822e to 0x00000206f50a8754
Event: 213.691 Thread 0x000002068a060e60 Implicit null exception at 0x00000206f50a822e to 0x00000206f50a8754
Event: 238.199 Thread 0x000002068a05ecb0 Exception <a 'java/io/IOException'{0x0000000086e322b0}> (0x0000000086e322b0) 
thrown [s\src\hotspot\share\prims\jni.cpp, line 516]
Event: 293.926 Thread 0x000002068a060e60 Implicit null exception at 0x00000206f5115fe0 to 0x00000206f5117eac
Event: 293.956 Thread 0x000002068a05fb20 Implicit null exception at 0x00000206f51bf803 to 0x00000206f51bfc69
Event: 298.787 Thread 0x000002068a05f180 Implicit null exception at 0x00000206f4c39440 to 0x00000206f4c39d30
Event: 298.787 Thread 0x000002068a05f180 Implicit null exception at 0x00000206f4c00c45 to 0x00000206f4c0110c
Event: 303.594 Thread 0x000002068a05de40 Implicit null exception at 0x00000206f5114036 to 0x00000206f5114758
Event: 303.594 Thread 0x000002068a05de40 Implicit null exception at 0x00000206f4fa8740 to 0x00000206f4fa8a85

VM Operations (20 events):
Event: 343.760 Executing VM operation: G1CollectForAllocation
Event: 343.761 Executing VM operation: G1CollectForAllocation done
Event: 344.607 Executing VM operation: G1CollectForAllocation
Event: 344.610 Executing VM operation: G1CollectForAllocation done
Event: 345.370 Executing VM operation: G1CollectForAllocation
Event: 345.372 Executing VM operation: G1CollectForAllocation done
Event: 346.138 Executing VM operation: G1CollectForAllocation
Event: 346.140 Executing VM operation: G1CollectForAllocation done
Event: 346.367 Executing VM operation: HandshakeAllThreads
Event: 346.368 Executing VM operation: HandshakeAllThreads done
Event: 346.907 Executing VM operation: G1CollectForAllocation
Event: 346.908 Executing VM operation: G1CollectForAllocation done
Event: 347.687 Executing VM operation: G1CollectForAllocation
Event: 347.688 Executing VM operation: G1CollectForAllocation done
Event: 348.412 Executing VM operation: G1CollectForAllocation
Event: 348.413 Executing VM operation: G1CollectForAllocation done
Event: 349.223 Executing VM operation: G1CollectForAllocation
Event: 349.225 Executing VM operation: G1CollectForAllocation done
Event: 350.132 Executing VM operation: G1CollectForAllocation
Event: 350.133 Executing VM operation: G1CollectForAllocation done

Events (20 events):
Event: 298.463 Thread 0x00000206ff810060 flushing nmethod 0x00000206edf2ab10
Event: 298.463 Thread 0x00000206ff810060 flushing nmethod 0x00000206edf35990
Event: 298.463 Thread 0x00000206ff810060 flushing nmethod 0x00000206edf6cc10
Event: 298.463 Thread 0x00000206ff810060 flushing nmethod 0x00000206edf76f90
Event: 298.463 Thread 0x00000206ff810060 flushing nmethod 0x00000206ee050910
Event: 298.463 Thread 0x00000206ff810060 flushing nmethod 0x00000206ee052690
Event: 298.463 Thread 0x00000206ff810060 flushing nmethod 0x00000206ee058810
Event: 298.464 Thread 0x00000206ff810060 flushing nmethod 0x00000206ee159c10
Event: 298.464 Thread 0x00000206ff810060 flushing nmethod 0x00000206ee1a0110
Event: 298.465 Thread 0x00000206ff810060 flushing nmethod 0x00000206ee29c290
Event: 298.692 Thread 0x00000206ff86fb70 Thread added: 0x00000206ff86fb70
Event: 299.390 Thread 0x00000206ff86fb70 Thread exited: 0x00000206ff86fb70
Event: 299.392 Thread 0x00000206ff8723f0 Thread added: 0x00000206ff8723f0
Event: 300.860 Thread 0x00000206ff8723f0 Thread exited: 0x00000206ff8723f0
Event: 301.002 Thread 0x00000206ff8723f0 Thread added: 0x00000206ff8723f0
Event: 301.721 Thread 0x00000206ff8723f0 Thread exited: 0x00000206ff8723f0
Event: 307.284 Thread 0x00000206ff870590 Thread added: 0x00000206ff870590
Event: 308.197 Thread 0x00000206ff870590 Thread exited: 0x00000206ff870590
Event: 346.385 Thread 0x00000206ff810060 flushing nmethod 0x00000206ed652410
Event: 346.386 Thread 0x00000206ff810060 flushing nmethod 0x00000206ed6bab90


Dynamic libraries:
0x00007ff6be040000 - 0x00007ff6be04d000 	C:\Users\Dilan\.jdks\corretto-17.0.6\bin\java.exe
0x00007ffc92e30000 - 0x00007ffc93028000 	C:\Windows\SYSTEM32\ntdll.dll
0x00007ffc921a0000 - 0x00007ffc9225f000 	C:\Windows\System32\KERNEL32.DLL
0x00007ffc90a50000 - 0x00007ffc90d22000 	C:\Windows\System32\KERNELBASE.dll
0x00007ffc90600000 - 0x00007ffc90700000 	C:\Windows\System32\ucrtbase.dll
0x00007ffc88720000 - 0x00007ffc88737000 	C:\Users\Dilan\.jdks\corretto-17.0.6\bin\jli.dll
0x00007ffc91ff0000 - 0x00007ffc92191000 	C:\Windows\System32\USER32.dll
0x00007ffc90dc0000 - 0x00007ffc90de2000 	C:\Windows\System32\win32u.dll
0x00007ffc92900000 - 0x00007ffc9292b000 	C:\Windows\System32\GDI32.dll
0x00007ffc90730000 - 0x00007ffc9083f000 	C:\Windows\System32\gdi32full.dll
0x00007ffc90560000 - 0x00007ffc905fd000 	C:\Windows\System32\msvcp_win.dll
0x00007ffc87060000 - 0x00007ffc87075000 	C:\Users\Dilan\.jdks\corretto-17.0.6\bin\VCRUNTIME140.dll
0x00007ffc88dd0000 - 0x00007ffc8906a000 	C:\Windows\WinSxS\amd64_microsoft.windows.common-controls_6595b64144ccf1df_6.0.19041.1110_none_60b5254171f9507e\COMCTL32.dll
0x00007ffc91db0000 - 0x00007ffc91e4e000 	C:\Windows\System32\msvcrt.dll
0x00007ffc91fb0000 - 0x00007ffc91fe2000 	C:\Windows\System32\IMM32.DLL
0x00007ffc69e40000 - 0x00007ffc69edb000 	C:\Users\Dilan\.jdks\corretto-17.0.6\bin\msvcp140.dll
0x00007ffc4cf00000 - 0x00007ffc4db18000 	C:\Users\Dilan\.jdks\corretto-17.0.6\bin\server\jvm.dll
0x00007ffc91600000 - 0x00007ffc916ae000 	C:\Windows\System32\ADVAPI32.dll
0x00007ffc92420000 - 0x00007ffc924bc000 	C:\Windows\System32\sechost.dll
0x00007ffc922f0000 - 0x00007ffc92415000 	C:\Windows\System32\RPCRT4.dll
0x00007ffc8a4d0000 - 0x00007ffc8a4d9000 	C:\Windows\SYSTEM32\WSOCK32.dll
0x00007ffc92930000 - 0x00007ffc9299b000 	C:\Windows\System32\WS2_32.dll
0x00007ffc88c90000 - 0x00007ffc88cb7000 	C:\Windows\SYSTEM32\WINMM.dll
0x00007ffc8a970000 - 0x00007ffc8a97a000 	C:\Windows\SYSTEM32\VERSION.dll
0x00007ffc8e340000 - 0x00007ffc8e352000 	C:\Windows\SYSTEM32\kernel.appcore.dll
0x00007ffc8ced0000 - 0x00007ffc8ceda000 	C:\Users\Dilan\.jdks\corretto-17.0.6\bin\jimage.dll
0x00007ffc897f0000 - 0x00007ffc899d4000 	C:\Windows\SYSTEM32\DBGHELP.DLL
0x00007ffc89530000 - 0x00007ffc89565000 	C:\Windows\SYSTEM32\dbgcore.DLL
0x00007ffc90d30000 - 0x00007ffc90db2000 	C:\Windows\System32\bcryptPrimitives.dll
0x00007ffc8a4e0000 - 0x00007ffc8a4ee000 	C:\Users\Dilan\.jdks\corretto-17.0.6\bin\instrument.dll
0x00007ffc7cfc0000 - 0x00007ffc7cfe5000 	C:\Users\Dilan\.jdks\corretto-17.0.6\bin\java.dll
0x00007ffc69d60000 - 0x00007ffc69e36000 	C:\Users\Dilan\.jdks\corretto-17.0.6\bin\jsvml.dll
0x00007ffc90eb0000 - 0x00007ffc915f5000 	C:\Windows\System32\SHELL32.dll
0x00007ffc8e620000 - 0x00007ffc8edb2000 	C:\Windows\SYSTEM32\windows.storage.dll
0x00007ffc92a00000 - 0x00007ffc92d55000 	C:\Windows\System32\combase.dll
0x00007ffc8fee0000 - 0x00007ffc8ff10000 	C:\Windows\SYSTEM32\Wldp.dll
0x00007ffc91e50000 - 0x00007ffc91efd000 	C:\Windows\System32\SHCORE.dll
0x00007ffc929a0000 - 0x00007ffc929f5000 	C:\Windows\System32\shlwapi.dll
0x00007ffc904a0000 - 0x00007ffc904bf000 	C:\Windows\SYSTEM32\profapi.dll
0x00007ffc7ced0000 - 0x00007ffc7cee8000 	C:\Users\Dilan\.jdks\corretto-17.0.6\bin\zip.dll
0x00007ffc74850000 - 0x00007ffc74869000 	C:\Users\Dilan\.jdks\corretto-17.0.6\bin\net.dll
0x00007ffc885f0000 - 0x00007ffc886fc000 	C:\Windows\SYSTEM32\WINHTTP.dll
0x00007ffc8fc40000 - 0x00007ffc8fcaa000 	C:\Windows\system32\mswsock.dll
0x00007ffc70310000 - 0x00007ffc70325000 	C:\Users\Dilan\.jdks\corretto-17.0.6\bin\nio.dll
0x00007ffc626d0000 - 0x00007ffc626ea000 	C:\Program Files\JetBrains\IntelliJ IDEA 2022.3.3\bin\breakgen64.dll
0x00007ffc8a290000 - 0x00007ffc8a2a0000 	C:\Users\Dilan\.jdks\corretto-17.0.6\bin\verify.dll
0x00007ffc8fe30000 - 0x00007ffc8fe48000 	C:\Windows\SYSTEM32\CRYPTSP.dll
0x00007ffc8f560000 - 0x00007ffc8f594000 	C:\Windows\system32\rsaenh.dll
0x00007ffc90700000 - 0x00007ffc90727000 	C:\Windows\System32\bcrypt.dll
0x00007ffc90410000 - 0x00007ffc9043e000 	C:\Windows\SYSTEM32\USERENV.dll
0x00007ffc8fe50000 - 0x00007ffc8fe5c000 	C:\Windows\SYSTEM32\CRYPTBASE.dll
0x00007ffc8f930000 - 0x00007ffc8f96b000 	C:\Windows\SYSTEM32\IPHLPAPI.DLL
0x00007ffc92890000 - 0x00007ffc92898000 	C:\Windows\System32\NSI.dll
0x00007ffc89740000 - 0x00007ffc89757000 	C:\Windows\SYSTEM32\dhcpcsvc6.DLL
0x00007ffc89c80000 - 0x00007ffc89c9d000 	C:\Windows\SYSTEM32\dhcpcsvc.DLL
0x00007ffc8f970000 - 0x00007ffc8fa3b000 	C:\Windows\SYSTEM32\DNSAPI.dll
0x00007ffc88b50000 - 0x00007ffc88b5e000 	C:\Users\Dilan\.jdks\corretto-17.0.6\bin\sunmscapi.dll
0x00007ffc90840000 - 0x00007ffc90996000 	C:\Windows\System32\CRYPT32.dll
0x00007ffc8ff50000 - 0x00007ffc8ff77000 	C:\Windows\SYSTEM32\ncrypt.dll
0x00007ffc8ff10000 - 0x00007ffc8ff4b000 	C:\Windows\SYSTEM32\NTASN1.dll
0x00007ffc89340000 - 0x00007ffc89349000 	C:\Users\Dilan\.jdks\corretto-17.0.6\bin\management.dll
0x00007ffc88c70000 - 0x00007ffc88c7b000 	C:\Users\Dilan\.jdks\corretto-17.0.6\bin\management_ext.dll
0x00007ffc926d0000 - 0x00007ffc926d8000 	C:\Windows\System32\PSAPI.DLL
0x00007ffc8a4a0000 - 0x00007ffc8a4a7000 	C:\Windows\system32\wshunix.dll

dbghelp: loaded successfully - version: 4.0.5 - missing functions: none
symbol engine: initialized successfully - sym options: 0x614 - pdb path: .;C:\Users\Dilan\.jdks\corretto-17.0.6\bin;C:\Windows\SYSTEM32;C:\Windows\WinSxS\amd64_microsoft.windows.common-controls_6595b64144ccf1df_6.0.19041.1110_none_60b5254171f9507e;C:\Users\Dilan\.jdks\corretto-17.0.6\bin\server;C:\Program Files\JetBrains\IntelliJ IDEA 2022.3.3\bin

VM Arguments:
jvm_args: -javaagent:C:\Program Files\JetBrains\IntelliJ IDEA 2022.3.3\lib\idea_rt.jar=10877:C:\Program Files\JetBrains\IntelliJ IDEA 2022.3.3\bin -Dfile.encoding=UTF-8 
java_command: com.example.VeterinriaXYZ.VeterinriaXyzApplication
java_class_path (initial): C:\Users\Dilan\Desktop\proyectos\VETERINARIA\veterinaria-back\target\classes;C:\Users\Dilan\.m2\repository\org\springframework\boot\spring-boot-starter-data-jdbc\3.0.4\spring-boot-starter-data-jdbc-3.0.4.jar;C:\Users\Dilan\.m2\repository\org\springframework\boot\spring-boot-starter-jdbc\3.0.4\spring-boot-starter-jdbc-3.0.4.jar;C:\Users\Dilan\.m2\repository\com\zaxxer\HikariCP\5.0.1\HikariCP-5.0.1.jar;C:\Users\Dilan\.m2\repository\org\springframework\spring-jdbc\6.0.6\spring-jdbc-6.0.6.jar;C:\Users\Dilan\.m2\repository\org\springframework\data\spring-data-jdbc\3.0.3\spring-data-jdbc-3.0.3.jar;C:\Users\Dilan\.m2\repository\org\springframework\data\spring-data-relational\3.0.3\spring-data-relational-3.0.3.jar;C:\Users\Dilan\.m2\repository\org\springframework\data\spring-data-commons\3.0.3\spring-data-commons-3.0.3.jar;C:\Users\Dilan\.m2\repository\org\springframework\spring-tx\6.0.6\spring-tx-6.0.6.jar;C:\Users\Dilan\.m2\repository\org\springframework\spring-context\6.0.6\spring-context-6.0.6.jar;C:\Users\Dilan\.m2\repository\org\springframework\spring-beans\6.0.6\spring-beans-6.0.6.jar;C:\Users\Dilan\.m2\repository\org\springframework\boot\spring-boot-starter-data-jpa\3.0.4\spring-boot-starter-data-jpa-3.0.4.jar;C:\Users\Dilan\.m2\repository\org\springframework\boot\spring-boot-starter-aop\3.0.4\spring-boot-starter-aop-3.0.4.jar;C:\Users\Dilan\.m2\repository\org\aspectj\aspectjweaver\1.9.19\aspectjweaver-1.9.19.jar;C:\Users\Dilan\.m2\repository\org\hibernate\orm\hibernate-core\6.1.7.Final\hibernate-core-6.1.7.Final.jar;C:\Users\Dilan\.m2\repository\jakarta\persistence\jakarta.persistence-api\3.1.0\jakarta.persistence-api-3.1.0.jar;C:\Users\Dilan\.m2\repository\jakarta\transaction\jakarta.transaction-api\2.0.1\jakarta.transaction-api-2.0.1.jar;C:\Users\Dilan\.m2\repository\org\jboss\logging\jboss-logging\3.5.0.Final\jboss-logging-3.5.0.Final.jar;C:\Users\Dilan\.m2\repository\org\hibernate\common\hibernate-commons-annotations\6.0.6.Final\hib
Launcher Type: SUN_STANDARD

[Global flags]
     intx CICompilerCount                          = 3                                         {product} {ergonomic}
     uint ConcGCThreads                            = 1                                         {product} {ergonomic}
     uint G1ConcRefinementThreads                  = 4                                         {product} {ergonomic}
   size_t G1HeapRegionSize                         = 1048576                                   {product} {ergonomic}
    uintx GCDrainStackTargetSize                   = 64                                        {product} {ergonomic}
   size_t InitialHeapSize                          = 134217728                                 {product} {ergonomic}
   size_t MarkStackSize                            = 4194304                                   {product} {ergonomic}
   size_t MaxHeapSize                              = 2126512128                                {product} {ergonomic}
   size_t MaxNewSize                               = 1275068416                                {product} {ergonomic}
   size_t MinHeapDeltaBytes                        = 1048576                                   {product} {ergonomic}
   size_t MinHeapSize                              = 8388608                                   {product} {ergonomic}
    uintx NonNMethodCodeHeapSize                   = 5832780                                {pd product} {ergonomic}
    uintx NonProfiledCodeHeapSize                  = 122912730                              {pd product} {ergonomic}
    uintx ProfiledCodeHeapSize                     = 122912730                              {pd product} {ergonomic}
    uintx ReservedCodeCacheSize                    = 251658240                              {pd product} {ergonomic}
     bool SegmentedCodeCache                       = true                                      {product} {ergonomic}
   size_t SoftMaxHeapSize                          = 2126512128                             {manageable} {ergonomic}
     bool UseCompressedClassPointers               = true                           {product lp64_product} {ergonomic}
     bool UseCompressedOops                        = true                           {product lp64_product} {ergonomic}
     bool UseG1GC                                  = true                                      {product} {ergonomic}
     bool UseLargePagesIndividualAllocation        = false                                  {pd product} {ergonomic}

Logging:
Log output configuration:
 #0: stdout all=warning uptime,level,tags
 #1: stderr all=off uptime,level,tags

Environment Variables:
PATH=C:\Program Files (x86)\Common Files\Oracle\Java\javapath;C:\ProgramData\Oracle\Java\javapath;C:\Windows\system32;C:\Windows;C:\Windows\System32\Wbem;C:\Windows\System32\WindowsPowerShell\v1.0\;C:\Windows\System32\OpenSSH\;C:\Program Files\Git\cmd;C:\Program Files\nodejs\;C:\Users\Dilan\AppData\Local\Microsoft\WindowsApps;C:\Users\Dilan\AppData\Roaming\npm;C:\Users\Dilan\AppData\Local\Programs\Microsoft VS Code\bin
USERNAME=Dilan
OS=Windows_NT
PROCESSOR_IDENTIFIER=Intel64 Family 6 Model 142 Stepping 9, GenuineIntel
TMP=C:\Users\Dilan\AppData\Local\Temp
TEMP=C:\Users\Dilan\AppData\Local\Temp



---------------  S Y S T E M  ---------------

OS:
 Windows 10 , 64 bit Build 19041 (10.0.19041.2546)
OS uptime: 0 days 13:20 hours

CPU: total 4 (initial active 4) (2 cores per cpu, 2 threads per core) family 6 model 142 stepping 9 microcode 0xb4, cx8, cmov, fxsr, ht, mmx, 3dnowpref, sse, sse2, sse3, ssse3, sse4.1, sse4.2, popcnt, lzcnt, tsc, tscinvbit, avx, avx2, aes, erms, clmul, bmi1, bmi2, adx, fma, vzeroupper, clflush, clflushopt

Memory: 4k page, system-wide physical 8110M (348M free)
TotalPageFile size 16302M (AvailPageFile size 30M)
current process WorkingSet (physical memory assigned to process): 303M, peak: 329M
current process commit charge ("private bytes"): 334M, peak: 360M

vm_info: OpenJDK 64-Bit Server VM (17.0.6+10-LTS) for windows-amd64 JRE (17.0.6+10-LTS), built on Jan 13 2023 22:57:04 by "Administrator" with MS VC++ 15.9 (VS2017)

END.
